
/home/runner/work/exp-formwork-beam-and-slab-using-hd-towers-iitd/exp-formwork-beam-and-slab-using-hd-towers-iitd/experiment/simulation/js/layout.js
   9:10  warning  'nextDrawerItem' is defined but never used  no-unused-vars
  20:10  warning  'backDrawerItem' is defined but never used  no-unused-vars

/home/runner/work/exp-formwork-beam-and-slab-using-hd-towers-iitd/exp-formwork-beam-and-slab-using-hd-towers-iitd/experiment/simulation/js/main.js
   189:7   warning  'ChartGraph' is assigned a value but never used     no-unused-vars
   193:6   warning  'Graph1' is not defined                             no-undef
   197:6   warning  'Graph2' is not defined                             no-undef
   201:6   warning  'Graph3' is not defined                             no-undef
   205:6   warning  'Graph4' is not defined                             no-undef
   221:23  warning  'Chart' is not defined                              no-undef
   255:5   warning  'isPerformNext' is assigned a value but never used  no-unused-vars
   280:7   warning  'opacity' is assigned a value but never used        no-unused-vars
   286:7   warning  'hideAll' is assigned a value but never used        no-unused-vars
   286:28  warning  'disp' is assigned a value but never used           no-unused-vars
   292:7   warning  'showAll' is assigned a value but never used        no-unused-vars
   292:28  warning  'disp' is assigned a value but never used           no-unused-vars
   299:7   warning  'set' is assigned a value but never used            no-unused-vars
   332:29  warning  'speed' is assigned a value but never used          no-unused-vars
   339:15  warning  'Typed' is not defined                              no-undef
   360:19  warning  'src' is not defined                                no-undef
   492:17  warning  'anime' is not defined                              no-undef
   646:10  warning  'cursorPointer' is defined but never used           no-unused-vars
   831:10  warning  'i' is not defined                                  no-undef
   832:18  warning  'i' is not defined                                  no-undef
   834:10  warning  'i' is not defined                                  no-undef
   835:11  warning  'i' is not defined                                  no-undef
   835:28  warning  'i' is not defined                                  no-undef
   835:48  warning  'i' is not defined                                  no-undef
   838:25  warning  'i' is not defined                                  no-undef
   862:6   warning  'intro' is not defined                              no-undef
   890:18  warning  'anime' is not defined                              no-undef
   912:15  warning  'intru' is not defined                              no-undef
   912:27  warning  'Typed' is not defined                              no-undef
   930:16  warning  'intru' is not defined                              no-undef
   946:6   warning  'objective' is not defined                          no-undef
   962:5   warning  'anime' is not defined                              no-undef
  1109:6   warning  'step2' is not defined                              no-undef
  1187:9   warning  'anime' is not defined                              no-undef
  1254:9   warning  'anime' is not defined                              no-undef
  1329:9   warning  'anime' is not defined                              no-undef
  1413:6   warning  'step3' is not defined                              no-undef
  1488:9   warning  'anime' is not defined                              no-undef
  1570:9   warning  'anime' is not defined                              no-undef
  1768:6   warning  'step4' is not defined                              no-undef
  1854:7   warning  'anime' is not defined                              no-undef
  1893:7   warning  'anime' is not defined                              no-undef
  1999:6   warning  'step5' is not defined                              no-undef
  2096:27  warning  'anime' is not defined                              no-undef
  2117:9   warning  'anime' is not defined                              no-undef
  2149:9   warning  'anime' is not defined                              no-undef
  2356:6   warning  'step6' is not defined                              no-undef
  2510:11  warning  'anime' is not defined                              no-undef
  2606:11  warning  'anime' is not defined                              no-undef
  2640:11  warning  'anime' is not defined                              no-undef
  2713:11  warning  'anime' is not defined                              no-undef
  2775:6   warning  'step7' is not defined                              no-undef
  2938:7   warning  'anime' is not defined                              no-undef
  2977:7   warning  'anime' is not defined                              no-undef
  3016:7   warning  'anime' is not defined                              no-undef
  3041:7   warning  'anime' is not defined                              no-undef
  3087:7   warning  'anime' is not defined                              no-undef
  3110:6   warning  'i' is not defined                                  no-undef
  3111:23  warning  'i' is not defined                                  no-undef
  3112:23  warning  'i' is not defined                                  no-undef
  3113:23  warning  'i' is not defined                                  no-undef
  3114:23  warning  'i' is not defined                                  no-undef
  3115:23  warning  'i' is not defined                                  no-undef
  3120:6   warning  'completed' is not defined                          no-undef
  3157:7   warning  'backDrawerItem' is not defined                     no-undef
  3158:7   warning  'backProgressBar' is not defined                    no-undef
  3168:9   warning  'nextDrawerItem' is not defined                     no-undef
  3169:9   warning  'nextProgressBar' is not defined                    no-undef
  3172:12  warning  Empty block statement                               no-empty
  3224:10  warning  'getCursor' is defined but never used               no-unused-vars

/home/runner/work/exp-formwork-beam-and-slab-using-hd-towers-iitd/exp-formwork-beam-and-slab-using-hd-towers-iitd/experiment/simulation/js/progressBar.js
   2:7  warning  'prevBtns' is assigned a value but never used         no-unused-vars
   3:7  warning  'nextBtns' is assigned a value but never used         no-unused-vars
  12:7  warning  'nextProgressBar' is assigned a value but never used  no-unused-vars
  19:7  warning  'backProgressBar' is assigned a value but never used  no-unused-vars

✖ 76 problems (0 errors, 76 warnings)

